#
# There is insufficient memory for the Java Runtime Environment to continue.
# Native memory allocation (mmap) failed to map 132120576 bytes for Failed to commit area from 0x0000000082e00000 to 0x000000008ac00000 of length 132120576.
# Possible reasons:
#   The system is out of physical RAM or swap space
#   The process is running with CompressedOops enabled, and the Java Heap may be blocking the growth of the native heap
# Possible solutions:
#   Reduce memory load on the system
#   Increase physical memory or swap space
#   Check if swap backing store is full
#   Decrease Java heap size (-Xmx/-Xms)
#   Decrease number of Java threads
#   Decrease Java thread stack sizes (-Xss)
#   Set larger code cache with -XX:ReservedCodeCacheSize=
# This output file may be truncated or incomplete.
#
#  Out of Memory Error (./src/hotspot/os/windows/os_windows.cpp:3303), pid=11528, tid=3272
#
# JRE version:  (11.0.9.1+11) (build )
# Java VM: OpenJDK 64-Bit Server VM (11.0.9.1+11-b1145.77, mixed mode, sharing, tiered, compressed oops, g1 gc, windows-amd64)
# No core dump will be written. Minidumps are not enabled by default on client versions of Windows
#

---------------  S U M M A R Y ------------

Command Line: org.jetbrains.git4idea.http.GitAskPassApp Password for 'https://yuanzhongxu@github.com': 

Host: Intel(R) Core(TM) i5-8265U CPU @ 1.60GHz, 8 cores, 7G,  Windows 10 , 64 bit Build 19041 (10.0.19041.804)
Time: Fri Apr 16 00:05:00 2021 中国标准时间 elapsed time: 0.040839 seconds (0d 0h 0m 0s)

---------------  T H R E A D  ---------------

Current thread (0x000002e7ff1aa800):  JavaThread "Unknown thread" [_thread_in_vm, id=3272, stack(0x000000eb6c000000,0x000000eb6c100000)]

Stack: [0x000000eb6c000000,0x000000eb6c100000]
Native frames: (J=compiled Java code, j=interpreted, Vv=VM code, C=native code)
V  [jvm.dll+0x5edd9a]
V  [jvm.dll+0x7229c5]
V  [jvm.dll+0x723f1d]
V  [jvm.dll+0x7245d3]
V  [jvm.dll+0x2431b8]
V  [jvm.dll+0x5eb234]
V  [jvm.dll+0x5e0325]
V  [jvm.dll+0x2fe60b]
V  [jvm.dll+0x2fe57a]
V  [jvm.dll+0x2fe452]
V  [jvm.dll+0x303346]
V  [jvm.dll+0x34ba83]
V  [jvm.dll+0x34c186]
V  [jvm.dll+0x34bb83]
V  [jvm.dll+0x2d9218]
V  [jvm.dll+0x2da3c7]
V  [jvm.dll+0x701a67]
V  [jvm.dll+0x70325c]
V  [jvm.dll+0x359049]
V  [jvm.dll+0x6e552e]
V  [jvm.dll+0x3c1353]
V  [jvm.dll+0x3c3571]
C  [jli.dll+0x5373]
C  [ucrtbase.dll+0x21bb2]
C  [KERNEL32.DLL+0x17034]
C  [ntdll.dll+0x52651]


---------------  P R O C E S S  ---------------

Threads class SMR info:
_java_thread_list=0x000002e7feca1dc0, length=0, elements={
}

Java Threads: ( => current thread )

Other Threads:
  0x000002e7ff1c1000 GCTaskThread "GC Thread#0" [stack: 0x000000eb6c100000,0x000000eb6c200000] [id=4172]
  0x000002e7ff1f4800 ConcurrentGCThread "G1 Main Marker" [stack: 0x000000eb6c200000,0x000000eb6c300000] [id=12900]
  0x000002e7ff1f6000 ConcurrentGCThread "G1 Conc#0" [stack: 0x000000eb6c300000,0x000000eb6c400000] [id=22516]

[error occurred during error reporting (printing all threads), id 0xc0000005, EXCEPTION_ACCESS_VIOLATION (0xc0000005) at pc=0x00007ffb8a589807]

VM state:not at safepoint (not fully initialized)

VM Mutex/Monitor currently owned by a thread:  ([mutex/lock_event])
[0x000002e7ff1a6510] Heap_lock - owner thread: 0x000002e7ff1aa800

Heap address: 0x0000000082e00000, size: 2002 MB, Compressed Oops mode: Non-zero based: 0x0000000082e00000
Narrow klass base: 0x0000000000000000, Narrow klass shift: 0

GC Heap History (0 events):
No events

Deoptimization events (0 events):
No events

Classes redefined (0 events):
No events

Internal exceptions (0 events):
No events

Events (1 events):
Event: 0.009 Loaded shared library D:\IntelliJ IDEA 2020.3.2\jbr\bin\zip.dll


Dynamic libraries:
0x00007ff777300000 - 0x00007ff77730a000 	D:\IntelliJ IDEA 2020.3.2\jbr\bin\java.exe
0x00007ffbd47d0000 - 0x00007ffbd49c5000 	C:\WINDOWS\SYSTEM32\ntdll.dll
0x00007ffbd29c0000 - 0x00007ffbd2a7d000 	C:\WINDOWS\System32\KERNEL32.DLL
0x00007ffbd2060000 - 0x00007ffbd2329000 	C:\WINDOWS\System32\KERNELBASE.dll
0x00007ffbd1f10000 - 0x00007ffbd2010000 	C:\WINDOWS\System32\ucrtbase.dll
0x00007ffbbe1b0000 - 0x00007ffbbe1c9000 	D:\IntelliJ IDEA 2020.3.2\jbr\bin\jli.dll
0x00007ffbbe190000 - 0x00007ffbbe1a7000 	D:\IntelliJ IDEA 2020.3.2\jbr\bin\VCRUNTIME140.dll
0x00007ffbd3a30000 - 0x00007ffbd3bd0000 	C:\WINDOWS\System32\USER32.dll
0x00007ffbd2490000 - 0x00007ffbd24b2000 	C:\WINDOWS\System32\win32u.dll
0x00007ffbd40f0000 - 0x00007ffbd411a000 	C:\WINDOWS\System32\GDI32.dll
0x00007ffbd24c0000 - 0x00007ffbd25cb000 	C:\WINDOWS\System32\gdi32full.dll
0x00007ffbbdae0000 - 0x00007ffbbdd7a000 	C:\WINDOWS\WinSxS\amd64_microsoft.windows.common-controls_6595b64144ccf1df_6.0.19041.844_none_ca00b6081b84eb1d\COMCTL32.dll
0x00007ffbd2790000 - 0x00007ffbd282d000 	C:\WINDOWS\System32\msvcp_win.dll
0x00007ffbd3230000 - 0x00007ffbd32ce000 	C:\WINDOWS\System32\msvcrt.dll
0x00007ffbd38c0000 - 0x00007ffbd38f0000 	C:\WINDOWS\System32\IMM32.DLL
0x00007ffb9ed10000 - 0x00007ffb9edad000 	D:\IntelliJ IDEA 2020.3.2\jbr\bin\msvcp140.dll
0x00007ffb8a2a0000 - 0x00007ffb8ad6e000 	D:\IntelliJ IDEA 2020.3.2\jbr\bin\server\jvm.dll
0x00007ffbd3810000 - 0x00007ffbd38bc000 	C:\WINDOWS\System32\ADVAPI32.dll
0x00007ffbd3640000 - 0x00007ffbd36dc000 	C:\WINDOWS\System32\sechost.dll
0x00007ffbd2830000 - 0x00007ffbd295b000 	C:\WINDOWS\System32\RPCRT4.dll
0x00007ffbd32d0000 - 0x00007ffbd32d8000 	C:\WINDOWS\System32\PSAPI.DLL
0x00007ffbbdf30000 - 0x00007ffbbdf57000 	C:\WINDOWS\SYSTEM32\WINMM.dll
0x00007ffbd0040000 - 0x00007ffbd0049000 	C:\WINDOWS\SYSTEM32\WSOCK32.dll
0x00007ffbc6c60000 - 0x00007ffbc6c6a000 	C:\WINDOWS\SYSTEM32\VERSION.dll
0x00007ffbd3790000 - 0x00007ffbd37fb000 	C:\WINDOWS\System32\WS2_32.dll
0x00007ffbd0820000 - 0x00007ffbd0832000 	C:\WINDOWS\SYSTEM32\kernel.appcore.dll
0x00007ffbd0020000 - 0x00007ffbd0031000 	D:\IntelliJ IDEA 2020.3.2\jbr\bin\verify.dll
0x00007ffbcfd80000 - 0x00007ffbcff64000 	C:\WINDOWS\SYSTEM32\DBGHELP.DLL
0x00007ffbc80b0000 - 0x00007ffbc80dc000 	C:\WINDOWS\SYSTEM32\dbgcore.DLL
0x00007ffbd2710000 - 0x00007ffbd2790000 	C:\WINDOWS\System32\bcryptPrimitives.dll
0x00007ffbcfff0000 - 0x00007ffbd0019000 	D:\IntelliJ IDEA 2020.3.2\jbr\bin\java.dll
0x00007ffbcffe0000 - 0x00007ffbcffeb000 	D:\IntelliJ IDEA 2020.3.2\jbr\bin\jimage.dll
0x00007ffbcffc0000 - 0x00007ffbcffd8000 	D:\IntelliJ IDEA 2020.3.2\jbr\bin\zip.dll

dbghelp: loaded successfully - version: 4.0.5 - missing functions: none
symbol engine: initialized successfully - sym options: 0x614 - pdb path: .;D:\IntelliJ IDEA 2020.3.2\jbr\bin;C:\WINDOWS\SYSTEM32;C:\WINDOWS\WinSxS\amd64_microsoft.windows.common-controls_6595b64144ccf1df_6.0.19041.844_none_ca00b6081b84eb1d;D:\IntelliJ IDEA 2020.3.2\jbr\bin\server

VM Arguments:
java_command: org.jetbrains.git4idea.http.GitAskPassApp Password for 'https://yuanzhongxu@github.com': 
java_class_path (initial): D:/IntelliJ IDEA 2020.3.2/plugins/git4idea/lib/git4idea-rt.jar;D:/IntelliJ IDEA 2020.3.2/lib/xmlrpc-2.0.1.jar;D:/IntelliJ IDEA 2020.3.2/lib/commons-codec-1.14.jar
Launcher Type: SUN_STANDARD

[Global flags]
     intx CICompilerCount                          = 4                                         {product} {ergonomic}
     uint ConcGCThreads                            = 2                                         {product} {ergonomic}
     uint G1ConcRefinementThreads                  = 8                                         {product} {ergonomic}
   size_t G1HeapRegionSize                         = 1048576                                   {product} {ergonomic}
    uintx GCDrainStackTargetSize                   = 64                                        {product} {ergonomic}
   size_t InitialHeapSize                          = 132120576                                 {product} {ergonomic}
   size_t MarkStackSize                            = 4194304                                   {product} {ergonomic}
   size_t MaxHeapSize                              = 2099249152                                {product} {ergonomic}
   size_t MinHeapDeltaBytes                        = 1048576                                   {product} {ergonomic}
    uintx NonNMethodCodeHeapSize                   = 5836300                                {pd product} {ergonomic}
    uintx NonProfiledCodeHeapSize                  = 122910970                              {pd product} {ergonomic}
    uintx ProfiledCodeHeapSize                     = 122910970                              {pd product} {ergonomic}
    uintx ReservedCodeCacheSize                    = 251658240                              {pd product} {ergonomic}
     bool SegmentedCodeCache                       = true                                      {product} {ergonomic}
     bool UseCompressedClassPointers               = true                                 {lp64_product} {ergonomic}
     bool UseCompressedOops                        = true                                 {lp64_product} {ergonomic}
     bool UseG1GC                                  = true                                      {product} {ergonomic}
     bool UseLargePagesIndividualAllocation        = false                                  {pd product} {ergonomic}

Logging:
Log output configuration:
 #0: stdout all=warning uptime,level,tags
 #1: stderr all=off uptime,level,tags

Environment Variables:
JAVA_HOME=D:\Java\jdk1.8.0_202
CLASSPATH=.;D:\Java\jdk1.8.0_202\lib\dt.jar;D:\Java\jdk1.8.0_202\lib\tools.jar;
PATH=D:\Git\mingw32\libexec\git-core;D:\Git\mingw32\libexec\git-core;D:\Git\mingw32\bin;D:\Git\usr\bin;C:\Users\Lenovo\bin;C:\ProgramData\Oracle\Java\javapath;C:\Program Files\Common Files\Oracle\Java\javapath;.; D;D:\Git\Java\jdk1.8.0_202\bin";.;D:\Java\jdk1.8.0_202\jre\bin";C:\Windows\system32;C:\Windows;C:\Windows\System32\Wbem;C:\Windows\System32\WindowsPowerShell\v1.0;C:\Windows\System32\OpenSSH;C:\Program Files (x86)\NVIDIA Corporation\PhysX\Common;C:\Program Files\NVIDIA Corporation\NVIDIA NvDLISR;C:\Program Files\Microsoft SQL Server\110\Tools\Binn;C:\WINDOWS\system32;C:\WINDOWS;C:\WINDOWS\System32\Wbem;C:\WINDOWS\System32\WindowsPowerShell\v1.0;C:\WINDOWS\System32\OpenSSH;E:\;C:\Program Files (x86)\Microsoft SQL Server\150\DTS\Binn;C:\Program Files\Azure Data Studio\bin;C:\Program Files\Microsoft SQL Server\Client SDK\ODBC\170\Tools\Binn;C:\Program Files (x86)\Microsoft SQL Server\150\Tools\Binn;C:\Program Files\Microsoft SQL Server\150\Tools\Binn;C:\Program Files\Microsoft SQL Server\150\DTS\Binn;D:\Git\cmd;C:\Users\Lenovo\Desktop\Tools\WinNT;C:\Users\Lenovo\Desktop\MSDev98\Bin;C:\Users\Lenovo\Desktop\Tools;C:\users\lenovo\bin;C:\Users\Lenovo\AppData\Local\Microsoft\WindowsApps;C:\Users\Lenovo\AppData\Local\Programs\Microsoft VS Code\bin;C:\Users\Lenovo\AppData\Roaming\npm;C:\Users\Lenovo\AppData\Local\Microsoft\WindowsApps;C:\Program Files\Azure Data Studio\bin;D:\IntelliJ IDEA 2020.3.2\bin
USERNAME=Lenovo
DISPLAY=:0.0
LC_ALL=en_US.UTF-8
OS=Windows_NT
PROCESSOR_IDENTIFIER=Intel64 Family 6 Model 142 Stepping 12, GenuineIntel



---------------  S Y S T E M  ---------------

OS: Windows 10 , 64 bit Build 19041 (10.0.19041.804)
OS uptime: 7 days 0:46 hours

CPU:total 8 (initial active 8) (4 cores per cpu, 2 threads per core) family 6 model 142 stepping 12, cmov, cx8, fxsr, mmx, sse, sse2, sse3, ssse3, sse4.1, sse4.2, popcnt, avx, avx2, aes, clmul, erms, 3dnowpref, lzcnt, ht, tsc, tscinvbit, bmi1, bmi2, adx, fma

Memory: 4k page, system-wide physical 8005M (626M free)
TotalPageFile size 14149M (AvailPageFile size 125M)
current process WorkingSet (physical memory assigned to process): 10M, peak: 10M
current process commit charge ("private bytes"): 59M, peak: 185M

vm_info: OpenJDK 64-Bit Server VM (11.0.9.1+11-b1145.77) for windows-amd64 JRE (11.0.9.1+11-b1145.77), built on Jan 16 2021 05:14:13 by "" with MS VC++ 14.0 (VS2015)

END.
